<?xml version="1.0" encoding="UTF-8"?>
<!-- Generated by org.testng.reporters.JUnitReportReporter -->
<testsuite hostname="LAPTOP-5L00RV6H" failures="0" tests="4" name="tests.SignupTests" time="8.103" errors="0" timestamp="2022-10-11T11:29:59 CEST" skipped="0">
  <testcase classname="tests.SignupTests" name="DisplaysErrorsWhenUserAlreadyExists" time="2.716"/>
  <system-out/>
  <testcase classname="tests.SignupTests" name="VisitTheSignupPage" time="0.528"/>
  <system-out/>
  <testcase classname="tests.SignupTests" name="ChecksInputTypes" time="1.904"/>
  <system-out/>
  <testcase classname="tests.SignupTests" name="Signup" time="2.955"/>
  <system-out/>
</testsuite> <!-- tests.SignupTests -->
