<?xml version="1.0" encoding="UTF-8"?>
<!-- Generated by org.testng.reporters.JUnitReportReporter -->
<testsuite hostname="LAPTOP-5L00RV6H" failures="0" tests="4" name="tests.LocaleTests" time="4.760" errors="0" timestamp="2022-10-10T11:47:16 CEST" skipped="0">
  <testcase classname="tests.LocaleTests" name="SetLocaleToFR" time="1.813"/>
  <system-out/>
  <testcase classname="tests.LocaleTests" name="SetLocaleToCN" time="1.127"/>
  <system-out/>
  <testcase classname="tests.LocaleTests" name="SetLocaleToEN" time="0.924"/>
  <system-out/>
  <testcase classname="tests.LocaleTests" name="SetLocaleToES" time="0.896"/>
  <system-out/>
</testsuite> <!-- tests.LocaleTests -->
