<?xml version="1.0" encoding="UTF-8"?>
<!-- Generated by org.testng.reporters.JUnitReportReporter -->
<testsuite hostname="LAPTOP-5L00RV6H" failures="0" tests="6" name="tests.LoginTests" time="6.238" errors="0" timestamp="2022-10-09T23:42:59 CEST" skipped="0">
  <testcase classname="tests.LoginTests" name="VisitsTheLoginPage" time="1.194"/>
  <system-out/>
  <testcase classname="tests.LoginTests" name="ChecksInputTypes" time="0.894"/>
  <system-out/>
  <testcase classname="tests.LoginTests" name="DisplaysErrorsWhenPasswordIsWrong" time="0.455"/>
  <system-out/>
  <testcase classname="tests.LoginTests" name="DisplaysErrorsWhenUserDoesNotExist" time="1.393"/>
  <system-out/>
  <testcase classname="tests.LoginTests" name="Login" time="1.881"/>
  <system-out/>
  <testcase classname="tests.LoginTests" name="Logout" time="0.421"/>
  <system-out/>
</testsuite> <!-- tests.LoginTests -->
