<?xml version="1.0" encoding="UTF-8"?>
<!-- Generated by org.testng.reporters.JUnitReportReporter -->
<testsuite hostname="LAPTOP-5L00RV6H" failures="0" tests="4" name="tests.AuthRoutesTests" time="4.445" errors="0" timestamp="2022-10-10T21:47:54 CEST" skipped="0">
  <testcase classname="tests.AuthRoutesTests" name="ForbidsVisitsToAdminCitiesUrlIfNotAuthenticated" time="1.861"/>
  <system-out/>
  <testcase classname="tests.AuthRoutesTests" name="ForbidsVisitsToAdminUsersUrlIfNotAuthenticated" time="0.825"/>
  <system-out/>
  <testcase classname="tests.AuthRoutesTests" name="ForbidsVisitsToHomeUrlIfNotAuthenticated" time="0.918"/>
  <system-out/>
  <testcase classname="tests.AuthRoutesTests" name="ForbidsVisitsToProfileUrlIfNotAuthenticated" time="0.841"/>
  <system-out/>
</testsuite> <!-- tests.AuthRoutesTests -->
