<?xml version="1.0" encoding="UTF-8"?>
<!-- Generated by org.testng.reporters.JUnitReportReporter -->
<testsuite hostname="LAPTOP-5L00RV6H" failures="0" tests="6" name="tests.LoginTests" time="9.432" errors="0" timestamp="2022-10-10T14:12:57 CEST" skipped="0">
  <testcase classname="tests.LoginTests" name="DisplaysErrorsWhenPasswordIsWrong" time="1.771"/>
  <system-out/>
  <testcase classname="tests.LoginTests" name="DisplaysErrorsWhenUserDoesNotExist" time="1.760"/>
  <system-out/>
  <testcase classname="tests.LoginTests" name="VisitsTheLoginPage" time="1.250"/>
  <system-out/>
  <testcase classname="tests.LoginTests" name="ChecksInputTypes" time="1.914"/>
  <system-out/>
  <testcase classname="tests.LoginTests" name="Login" time="2.232"/>
  <system-out/>
  <testcase classname="tests.LoginTests" name="Logout" time="0.505"/>
  <system-out/>
</testsuite> <!-- tests.LoginTests -->
