<?xml version="1.0" encoding="UTF-8"?>
<!-- Generated by org.testng.reporters.JUnitReportReporter -->
<testsuite hostname="LAPTOP-5L00RV6H" failures="0" tests="4" name="tests.SignupTests" time="6.781" errors="0" timestamp="2022-10-10T15:08:39 CEST" skipped="0">
  <testcase classname="tests.SignupTests" name="ChecksInputTypes" time="0.997"/>
  <system-out/>
  <testcase classname="tests.SignupTests" name="VisitTheSignupPage" time="0.470"/>
  <system-out/>
  <testcase classname="tests.SignupTests" name="DisplaysErrorsWhenUserAlreadyExists" time="2.286"/>
  <system-out/>
  <testcase classname="tests.SignupTests" name="Signup" time="3.028"/>
  <system-out/>
</testsuite> <!-- tests.SignupTests -->
